  Source.cpp
D:\MasterWork\Codes\MicrogridOptimization\SingleMG\SingleMG_ElecHeatCoolNetAndEV\Source.cpp(52,38): warning C4305: 'initializing': truncation from 'double' to 'float'
D:\MasterWork\Codes\MicrogridOptimization\SingleMG\SingleMG_ElecHeatCoolNetAndEV\Source.cpp(52,43): warning C4305: 'initializing': truncation from 'double' to 'float'
D:\MasterWork\Codes\MicrogridOptimization\SingleMG\SingleMG_ElecHeatCoolNetAndEV\Source.cpp(52,48): warning C4305: 'initializing': truncation from 'double' to 'float'
D:\MasterWork\Codes\MicrogridOptimization\SingleMG\SingleMG_ElecHeatCoolNetAndEV\Source.cpp(52,53): warning C4305: 'initializing': truncation from 'double' to 'float'
D:\MasterWork\Codes\MicrogridOptimization\SingleMG\SingleMG_ElecHeatCoolNetAndEV\Source.cpp(52,58): warning C4305: 'initializing': truncation from 'double' to 'float'
D:\MasterWork\Codes\MicrogridOptimization\SingleMG\SingleMG_ElecHeatCoolNetAndEV\Source.cpp(53,35): warning C4305: 'initializing': truncation from 'double' to 'float'
D:\MasterWork\Codes\MicrogridOptimization\SingleMG\SingleMG_ElecHeatCoolNetAndEV\Source.cpp(53,47): warning C4305: 'initializing': truncation from 'double' to 'float'
C:\Program Files\Microsoft Visual Studio\2022\Community\VC\Tools\MSVC\14.37.32822\include\utility(242,54): warning C4244: 'initializing': conversion from '_Ty' to '_Ty2', possible loss of data
          with
          [
              _Ty=double
          ]
          and
          [
              _Ty2=float
          ]
D:\MasterWork\Codes\MicrogridOptimization\SingleMG\SingleMG_ElecHeatCoolNetAndEV\Source.cpp(40,9): message : see reference to function template instantiation 'std::pair<const std::string,float>::pair<const char(&)[7],double,0>(_Other1,_Other2 &&) noexcept(false)' being compiled
          with
          [
              _Other1=const char (&)[7],
              _Other2=double
          ]
D:\MasterWork\Codes\MicrogridOptimization\SingleMG\SingleMG_ElecHeatCoolNetAndEV\Source.cpp(39,42): message : see the first reference to 'std::pair<const std::string,float>::pair' in 'main'
  SingleMG_ElecHeatCoolNetAndEV.vcxproj -> D:\MasterWork\Codes\MicrogridOptimization\SingleMG\SingleMG_ElecHeatCoolNetAndEV\x64\Debug\SingleMG_ElectHeatCoolNetAndEv.exe
