  Source.cpp
D:\MasterWork\Codes\MicrogridOptimization\MultiMG\Centralized\Source.cpp(334,72): error C2065: 'floatConstants_': undeclared identifier
D:\MasterWork\Codes\MicrogridOptimization\MultiMG\Centralized\Source.cpp(334,101): error C2065: 'Pevchg': undeclared identifier
D:\MasterWork\Codes\MicrogridOptimization\MultiMG\Centralized\Source.cpp(334,117): error C2065: 'Pevdischg': undeclared identifier
D:\MasterWork\Codes\MicrogridOptimization\MultiMG\Centralized\Source.cpp(334,135): error C2065: 'floatConstants_': undeclared identifier
D:\MasterWork\Codes\MicrogridOptimization\MultiMG\Centralized\Source.cpp(334,166): error C2065: 'evcap_': undeclared identifier
D:\MasterWork\Codes\MicrogridOptimization\MultiMG\Centralized\Source.cpp(335,36): error C2065: 'Pevchg': undeclared identifier
D:\MasterWork\Codes\MicrogridOptimization\MultiMG\Centralized\Source.cpp(336,36): error C2065: 'Pevdischg': undeclared identifier
D:\MasterWork\Codes\MicrogridOptimization\MultiMG\Centralized\Source.cpp(337,31): error C2065: 'Pevchg': undeclared identifier
D:\MasterWork\Codes\MicrogridOptimization\MultiMG\Centralized\Source.cpp(337,48): error C2065: 'evcap_': undeclared identifier
D:\MasterWork\Codes\MicrogridOptimization\MultiMG\Centralized\Source.cpp(337,65): error C2065: 'evsoc': undeclared identifier
D:\MasterWork\Codes\MicrogridOptimization\MultiMG\Centralized\Source.cpp(337,85): error C2065: 'floatConstants_': undeclared identifier
D:\MasterWork\Codes\MicrogridOptimization\MultiMG\Centralized\Source.cpp(338,31): error C2065: 'Pevdischg': undeclared identifier
D:\MasterWork\Codes\MicrogridOptimization\MultiMG\Centralized\Source.cpp(338,50): error C2065: 'evcap_': undeclared identifier
D:\MasterWork\Codes\MicrogridOptimization\MultiMG\Centralized\Source.cpp(338,62): error C2065: 'evsoc': undeclared identifier
D:\MasterWork\Codes\MicrogridOptimization\MultiMG\Centralized\Source.cpp(338,80): error C2065: 'floatConstants_': undeclared identifier
D:\MasterWork\Codes\MicrogridOptimization\MultiMG\Centralized\Source.cpp(365,9): error C2065: 'model_': undeclared identifier
D:\MasterWork\Codes\MicrogridOptimization\MultiMG\Centralized\Source.cpp(365,25): error C2065: 'statoc': undeclared identifier
D:\MasterWork\Codes\MicrogridOptimization\MultiMG\Centralized\Source.cpp(366,9): error C2065: 'model_': undeclared identifier
D:\MasterWork\Codes\MicrogridOptimization\MultiMG\Centralized\Source.cpp(366,20): error C2065: 'statoc': undeclared identifier
D:\MasterWork\Codes\MicrogridOptimization\MultiMG\Centralized\Source.cpp(369,9): error C2065: 'model_': undeclared identifier
D:\MasterWork\Codes\MicrogridOptimization\MultiMG\Centralized\Source.cpp(369,25): error C2065: 'HSSsoc': undeclared identifier
D:\MasterWork\Codes\MicrogridOptimization\MultiMG\Centralized\Source.cpp(370,9): error C2065: 'model_': undeclared identifier
D:\MasterWork\Codes\MicrogridOptimization\MultiMG\Centralized\Source.cpp(370,20): error C2065: 'HSSsoc': undeclared identifier
D:\MasterWork\Codes\MicrogridOptimization\MultiMG\Centralized\Source.cpp(374,13): error C2065: 'model_': undeclared identifier
D:\MasterWork\Codes\MicrogridOptimization\MultiMG\Centralized\Source.cpp(374,24): error C2065: 'statoc': undeclared identifier
D:\MasterWork\Codes\MicrogridOptimization\MultiMG\Centralized\Source.cpp(374,37): error C2065: 'floatConstants_': undeclared identifier
D:\MasterWork\Codes\MicrogridOptimization\MultiMG\Centralized\Source.cpp(374,67): error C2065: 'floatConstants_': undeclared identifier
D:\MasterWork\Codes\MicrogridOptimization\MultiMG\Centralized\Source.cpp(374,94): error C2065: 'Bchg': undeclared identifier
D:\MasterWork\Codes\MicrogridOptimization\MultiMG\Centralized\Source.cpp(374,105): error C2065: 'Bdischg': undeclared identifier
D:\MasterWork\Codes\MicrogridOptimization\MultiMG\Centralized\Source.cpp(374,118): error C2065: 'floatConstants_': undeclared identifier
D:\MasterWork\Codes\MicrogridOptimization\MultiMG\Centralized\Source.cpp(374,147): error C2065: 'intConstants_': undeclared identifier
D:\MasterWork\Codes\MicrogridOptimization\MultiMG\Centralized\Source.cpp(375,13): error C2065: 'model_': undeclared identifier
D:\MasterWork\Codes\MicrogridOptimization\MultiMG\Centralized\Source.cpp(375,29): error C2065: 'Bchg': undeclared identifier
D:\MasterWork\Codes\MicrogridOptimization\MultiMG\Centralized\Source.cpp(376,13): error C2065: 'model_': undeclared identifier
D:\MasterWork\Codes\MicrogridOptimization\MultiMG\Centralized\Source.cpp(376,29): error C2065: 'Bdischg': undeclared identifier
D:\MasterWork\Codes\MicrogridOptimization\MultiMG\Centralized\Source.cpp(377,13): error C2065: 'model_': undeclared identifier
D:\MasterWork\Codes\MicrogridOptimization\MultiMG\Centralized\Source.cpp(377,24): error C2065: 'Bchg': undeclared identifier
D:\MasterWork\Codes\MicrogridOptimization\MultiMG\Centralized\Source.cpp(377,36): error C2065: 'intConstants_': undeclared identifier
D:\MasterWork\Codes\MicrogridOptimization\MultiMG\Centralized\Source.cpp(377,66): error C2065: 'floatConstants_': undeclared identifier
D:\MasterWork\Codes\MicrogridOptimization\MultiMG\Centralized\Source.cpp(377,95): error C2065: 'floatConstants_': undeclared identifier
D:\MasterWork\Codes\MicrogridOptimization\MultiMG\Centralized\Source.cpp(378,13): error C2065: 'model_': undeclared identifier
D:\MasterWork\Codes\MicrogridOptimization\MultiMG\Centralized\Source.cpp(378,24): error C2065: 'Bdischg': undeclared identifier
D:\MasterWork\Codes\MicrogridOptimization\MultiMG\Centralized\Source.cpp(378,39): error C2065: 'intConstants_': undeclared identifier
D:\MasterWork\Codes\MicrogridOptimization\MultiMG\Centralized\Source.cpp(378,64): error C2065: 'floatConstants_': undeclared identifier
D:\MasterWork\Codes\MicrogridOptimization\MultiMG\Centralized\Source.cpp(378,92): error C2065: 'floatConstants_': undeclared identifier
D:\MasterWork\Codes\MicrogridOptimization\MultiMG\Centralized\Source.cpp(381,13): error C2065: 'model_': undeclared identifier
D:\MasterWork\Codes\MicrogridOptimization\MultiMG\Centralized\Source.cpp(381,24): error C2065: 'HSSsoc': undeclared identifier
D:\MasterWork\Codes\MicrogridOptimization\MultiMG\Centralized\Source.cpp(381,45): error C2065: 'floatConstants_': undeclared identifier
D:\MasterWork\Codes\MicrogridOptimization\MultiMG\Centralized\Source.cpp(381,73): error C2065: 'Hchg': undeclared identifier
D:\MasterWork\Codes\MicrogridOptimization\MultiMG\Centralized\Source.cpp(381,84): error C2065: 'Hdischg': undeclared identifier
D:\MasterWork\Codes\MicrogridOptimization\MultiMG\Centralized\Source.cpp(381,97): error C2065: 'floatConstants_': undeclared identifier
D:\MasterWork\Codes\MicrogridOptimization\MultiMG\Centralized\Source.cpp(381,127): error C2065: 'intConstants_': undeclared identifier
D:\MasterWork\Codes\MicrogridOptimization\MultiMG\Centralized\Source.cpp(382,13): error C2065: 'model_': undeclared identifier
D:\MasterWork\Codes\MicrogridOptimization\MultiMG\Centralized\Source.cpp(382,29): error C2065: 'Hchg': undeclared identifier
D:\MasterWork\Codes\MicrogridOptimization\MultiMG\Centralized\Source.cpp(383,13): error C2065: 'model_': undeclared identifier
D:\MasterWork\Codes\MicrogridOptimization\MultiMG\Centralized\Source.cpp(383,29): error C2065: 'Hdischg': undeclared identifier
D:\MasterWork\Codes\MicrogridOptimization\MultiMG\Centralized\Source.cpp(385,13): error C2065: 'model_': undeclared identifier
D:\MasterWork\Codes\MicrogridOptimization\MultiMG\Centralized\Source.cpp(385,24): error C2065: 'Hchg': undeclared identifier
D:\MasterWork\Codes\MicrogridOptimization\MultiMG\Centralized\Source.cpp(385,36): error C2065: 'intConstants_': undeclared identifier
D:\MasterWork\Codes\MicrogridOptimization\MultiMG\Centralized\Source.cpp(385,74): error C2065: 'floatConstants_': undeclared identifier
D:\MasterWork\Codes\MicrogridOptimization\MultiMG\Centralized\Source.cpp(386,13): error C2065: 'model_': undeclared identifier
D:\MasterWork\Codes\MicrogridOptimization\MultiMG\Centralized\Source.cpp(386,24): error C2065: 'Hdischg': undeclared identifier
D:\MasterWork\Codes\MicrogridOptimization\MultiMG\Centralized\Source.cpp(386,39): error C2065: 'intConstants_': undeclared identifier
D:\MasterWork\Codes\MicrogridOptimization\MultiMG\Centralized\Source.cpp(386,71): error C2065: 'floatConstants_': undeclared identifier
D:\MasterWork\Codes\MicrogridOptimization\MultiMG\Centralized\Source.cpp(391,13): error C2065: 'model_': undeclared identifier
D:\MasterWork\Codes\MicrogridOptimization\MultiMG\Centralized\Source.cpp(391,24): error C2065: 'statoc': undeclared identifier
D:\MasterWork\Codes\MicrogridOptimization\MultiMG\Centralized\Source.cpp(391,37): error C2065: 'statoc': undeclared identifier
D:\MasterWork\Codes\MicrogridOptimization\MultiMG\Centralized\Source.cpp(391,55): error C2065: 'floatConstants_': undeclared identifier
D:\MasterWork\Codes\MicrogridOptimization\MultiMG\Centralized\Source.cpp(391,82): error C2065: 'Bchg': undeclared identifier
D:\MasterWork\Codes\MicrogridOptimization\MultiMG\Centralized\Source.cpp(391,93): error C2065: 'Bdischg': undeclared identifier
D:\MasterWork\Codes\MicrogridOptimization\MultiMG\Centralized\Source.cpp(391,106): error C2065: 'floatConstants_': undeclared identifier
D:\MasterWork\Codes\MicrogridOptimization\MultiMG\Centralized\Source.cpp(391,135): error C2065: 'intConstants_': undeclared identifier
D:\MasterWork\Codes\MicrogridOptimization\MultiMG\Centralized\Source.cpp(392,13): error C2065: 'model_': undeclared identifier
D:\MasterWork\Codes\MicrogridOptimization\MultiMG\Centralized\Source.cpp(392,29): error C2065: 'Bchg': undeclared identifier
D:\MasterWork\Codes\MicrogridOptimization\MultiMG\Centralized\Source.cpp(393,13): error C2065: 'model_': undeclared identifier
D:\MasterWork\Codes\MicrogridOptimization\MultiMG\Centralized\Source.cpp(393,29): error C2065: 'Bdischg': undeclared identifier
D:\MasterWork\Codes\MicrogridOptimization\MultiMG\Centralized\Source.cpp(394,13): error C2065: 'model_': undeclared identifier
D:\MasterWork\Codes\MicrogridOptimization\MultiMG\Centralized\Source.cpp(394,24): error C2065: 'Bchg': undeclared identifier
D:\MasterWork\Codes\MicrogridOptimization\MultiMG\Centralized\Source.cpp(394,36): error C2065: 'intConstants_': undeclared identifier
D:\MasterWork\Codes\MicrogridOptimization\MultiMG\Centralized\Source.cpp(394,66): error C2065: 'statoc': undeclared identifier
D:\MasterWork\Codes\MicrogridOptimization\MultiMG\Centralized\Source.cpp(394,84): error C2065: 'floatConstants_': undeclared identifier
D:\MasterWork\Codes\MicrogridOptimization\MultiMG\Centralized\Source.cpp(395,13): error C2065: 'model_': undeclared identifier
D:\MasterWork\Codes\MicrogridOptimization\MultiMG\Centralized\Source.cpp(395,24): error C2065: 'Bdischg': undeclared identifier
D:\MasterWork\Codes\MicrogridOptimization\MultiMG\Centralized\Source.cpp(395,38): error C2065: 'intConstants_': undeclared identifier
D:\MasterWork\Codes\MicrogridOptimization\MultiMG\Centralized\Source.cpp(395,63): error C2065: 'statoc': undeclared identifier
D:\MasterWork\Codes\MicrogridOptimization\MultiMG\Centralized\Source.cpp(395,79): error C2065: 'floatConstants_': undeclared identifier
D:\MasterWork\Codes\MicrogridOptimization\MultiMG\Centralized\Source.cpp(398,13): error C2065: 'model_': undeclared identifier
D:\MasterWork\Codes\MicrogridOptimization\MultiMG\Centralized\Source.cpp(398,24): error C2065: 'HSSsoc': undeclared identifier
D:\MasterWork\Codes\MicrogridOptimization\MultiMG\Centralized\Source.cpp(398,37): error C2065: 'HSSsoc': undeclared identifier
D:\MasterWork\Codes\MicrogridOptimization\MultiMG\Centralized\Source.cpp(398,55): error C2065: 'floatConstants_': undeclared identifier
D:\MasterWork\Codes\MicrogridOptimization\MultiMG\Centralized\Source.cpp(398,83): error C2065: 'Hchg': undeclared identifier
D:\MasterWork\Codes\MicrogridOptimization\MultiMG\Centralized\Source.cpp(398,94): error C2065: 'Hdischg': undeclared identifier
D:\MasterWork\Codes\MicrogridOptimization\MultiMG\Centralized\Source.cpp(398,107): error C2065: 'floatConstants_': undeclared identifier
D:\MasterWork\Codes\MicrogridOptimization\MultiMG\Centralized\Source.cpp(398,137): error C2065: 'intConstants_': undeclared identifier
D:\MasterWork\Codes\MicrogridOptimization\MultiMG\Centralized\Source.cpp(399,13): error C2065: 'model_': undeclared identifier
D:\MasterWork\Codes\MicrogridOptimization\MultiMG\Centralized\Source.cpp(399,29): error C2065: 'Hchg': undeclared identifier
D:\MasterWork\Codes\MicrogridOptimization\MultiMG\Centralized\Source.cpp(400,13): error C2065: 'model_': undeclared identifier
D:\MasterWork\Codes\MicrogridOptimization\MultiMG\Centralized\Source.cpp(400,29): error C2065: 'Hdischg': undeclared identifier
D:\MasterWork\Codes\MicrogridOptimization\MultiMG\Centralized\Source.cpp(402,13): error C2065: 'model_': undeclared identifier
D:\MasterWork\Codes\MicrogridOptimization\MultiMG\Centralized\Source.cpp(402,24): error C2065: 'Hchg': undeclared identifier
D:\MasterWork\Codes\MicrogridOptimization\MultiMG\Centralized\Source.cpp(402,36): error C2065: 'intConstants_': undeclared identifier
D:\MasterWork\Codes\MicrogridOptimization\MultiMG\Centralized\Source.cpp(402,49): fatal  error C1003: error count exceeds 100; stopping compilation
  EMS.cpp
D:\MasterWork\Codes\MicrogridOptimization\MultiMG\Centralized\EMS.cpp(184,35): warning C4244: '=': conversion from 'IloNum' to 'int', possible loss of data
D:\MasterWork\Codes\MicrogridOptimization\MultiMG\Centralized\EMS.cpp(185,37): warning C4244: '=': conversion from 'IloNum' to 'int', possible loss of data
D:\MasterWork\Codes\MicrogridOptimization\MultiMG\Centralized\EMS.cpp(187,35): warning C4244: '=': conversion from 'IloNum' to 'int', possible loss of data
D:\MasterWork\Codes\MicrogridOptimization\MultiMG\Centralized\EMS.cpp(188,37): warning C4244: '=': conversion from 'IloNum' to 'int', possible loss of data
  Generating Code...
